#
# A fatal error has been detected by the Java Runtime Environment:
#
#  SIGSEGV (0xb) at pc=0x00007fff8e41cb5d, pid=15463, tid=775
#
# JRE version: Java(TM) SE Runtime Environment (8.0_40-b25) (build 1.8.0_40-b25)
# Java VM: Java HotSpot(TM) 64-Bit Server VM (25.40-b25 mixed mode bsd-amd64 compressed oops)
# Problematic frame:
# C  [libobjc.A.dylib+0x6b5d]  objc_msgSend+0x1d
#
# Failed to write core dump. Core dumps have been disabled. To enable core dumping, try "ulimit -c unlimited" before starting Java again
#
# If you would like to submit a bug report, please visit:
#   http://bugreport.java.com/bugreport/crash.jsp
# The crash happened outside the Java Virtual Machine in native code.
# See problematic frame for where to report the bug.
#

---------------  T H R E A D  ---------------

Current thread (0x00007fc4f5036800):  JavaThread "AppKit Thread" daemon [_thread_in_native, id=775, stack(0x00007fff5650e000,0x00007fff56d0e000)]

siginfo: si_signo: 11 (SIGSEGV), si_code: 1 (SEGV_MAPERR), si_addr: 0x0000000000000018

Registers:
RAX=0x0000000000000002, RBX=0x00007fc4f3e50c10, RCX=0x0000000000000000, RDX=0x00000000000fc010
RSP=0x00007fff56d08868, RBP=0x00007fff56d08890, RSI=0x00007fff784665d5, RDI=0x00007fc4f3e50c10
R8 =0x0000000000000006, R9 =0x0000000000000000, R10=0x0000000000000000, R11=0x00007fff784665d5
R12=0x00007fc4f58258e0, R13=0x00007fff7844b6d6, R14=0x00007fc4f5b398d0, R15=0x0000000000000000
RIP=0x00007fff8e41cb5d, EFLAGS=0x0000000000010246, ERR=0x0000000000000004
  TRAPNO=0x000000000000000e

Top of Stack: (sp=0x00007fff56d08868)
0x00007fff56d08868:   000000012bb6967e 00007fc4f58258e0
0x00007fff56d08878:   000000012bb9bb98 00007fc4f5b398d0
0x00007fff56d08888:   0000000000000094 00007fff56d08e00
0x00007fff56d08898:   00007fff77a1c516 0000000000000000
0x00007fff56d088a8:   0000000000000000 4094c00000000000
0x00007fff56d088b8:   4089000000000000 0000000000000000
0x00007fff56d088c8:   0000000000000000 4094c00000000000
0x00007fff56d088d8:   4089000000000000 00007fff56d08900
0x00007fff56d088e8:   00007fff7a3d13c8 0000000000000680
0x00007fff56d088f8:   ffff803b0a4d1d50 00007fc4f5b2e2b0
0x00007fff56d08908:   00007fff97979480 00007fff56d08970
0x00007fff56d08918:   00007fff8e424d13 00007fff97979b00
0x00007fff56d08928:   000000017840bb00 00007fc4f5b2e2b0
0x00007fff56d08938:   ffff803b0a4d1d50 00007fc4f4198430
0x00007fff56d08948:   00007fc4f5902f20 00007fff7840bb00
0x00007fff56d08958:   00007fc4f58258e0 00007fff8e41cb40
0x00007fff56d08968:   00007fff56d089d0 00007fff56d089c0
0x00007fff56d08978:   00007fff780872f3 401c000000000000
0x00007fff56d08988:   4089200000000000 402c000000000000
0x00007fff56d08998:   0000000000000000 00007fff00000000
0x00007fff56d089a8:   0000000000000000 00007fff7841ed0b
0x00007fff56d089b8:   00007fc4f5902f00 0000000156d08a10
0x00007fff56d089c8:   00007fc4f5902f20 0000000000000088
0x00007fff56d089d8:   00007fc4f3c2b610 012c000000000000
0x00007fff56d089e8:   00007fc4f58258e0 00007fff56d08a10
0x00007fff56d089f8:   00007fc4f5902f20 00007fff56d08ae0
0x00007fff56d08a08:   00007fc4f5902f20 00007fff56d08a50
0x00007fff56d08a18:   00007fff77ad45ca 401c000000000000
0x00007fff56d08a28:   4089180000000000 402c000000000000
0x00007fff56d08a38:   4030000000000000 00007fff56d08ae0
0x00007fff56d08a48:   00007fc4f5902f20 00007fff56d08ad0
0x00007fff56d08a58:   00007fff77ad456c 401c000000000000 

Instructions: (pc=0x00007fff8e41cb5d)
0x00007fff8e41cb3d:   0f 1f 00 48 85 ff 2e 74 62 40 f6 c7 01 2e 75 66
0x00007fff8e41cb4d:   49 ba f8 ff ff ff ff 7f 00 00 4c 23 17 49 89 f3
0x00007fff8e41cb5d:   45 23 5a 18 49 c1 e3 04 4d 03 5a 10 49 3b 33 75
0x00007fff8e41cb6d:   04 41 ff 63 08 49 83 3b 01 76 0d 49 83 c3 10 49 

Register to memory mapping:

RAX=0x0000000000000002 is an unknown value
RBX=0x00007fc4f3e50c10 is an unknown value
RCX=0x0000000000000000 is an unknown value
RDX=0x00000000000fc010 is an unknown value
RSP=0x00007fff56d08868 is pointing into the stack for thread: 0x00007fc4f5036800
RBP=0x00007fff56d08890 is pointing into the stack for thread: 0x00007fc4f5036800
RSI=0x00007fff784665d5: __NSStyleNameIndexTable+0xce7e9 in /System/Library/Frameworks/AppKit.framework/Versions/C/AppKit at 0x00007fff77880000
RDI=0x00007fc4f3e50c10 is an unknown value
R8 =0x0000000000000006 is an unknown value
R9 =0x0000000000000000 is an unknown value
R10=0x0000000000000000 is an unknown value
R11=0x00007fff784665d5: __NSStyleNameIndexTable+0xce7e9 in /System/Library/Frameworks/AppKit.framework/Versions/C/AppKit at 0x00007fff77880000
R12=0x00007fc4f58258e0 is an unknown value
R13=0x00007fff7844b6d6: __NSStyleNameIndexTable+0xb38ea in /System/Library/Frameworks/AppKit.framework/Versions/C/AppKit at 0x00007fff77880000
R14=0x00007fc4f5b398d0 is an unknown value
R15=0x0000000000000000 is an unknown value


Stack: [0x00007fff5650e000,0x00007fff56d0e000],  sp=0x00007fff56d08868,  free space=8170k
Native frames: (J=compiled Java code, j=interpreted, Vv=VM code, C=native code)
C  [libobjc.A.dylib+0x6b5d]  objc_msgSend+0x1d
C  [AppKit+0x19c516]  -[NSView _recursiveDisplayRectIfNeededIgnoringOpacity:isVisibleRect:rectIsVisibleRectForView:topView:]+0x6ee
C  [AppKit+0x19cd6c]  -[NSView _recursiveDisplayRectIfNeededIgnoringOpacity:isVisibleRect:rectIsVisibleRectForView:topView:]+0xf44
C  [AppKit+0x19b94b]  -[NSThemeFrame _recursiveDisplayRectIfNeededIgnoringOpacity:isVisibleRect:rectIsVisibleRectForView:topView:]+0x14e
C  [AppKit+0x199d73]  -[NSView _displayRectIgnoringOpacity:isVisibleRect:rectIsVisibleRectForView:]+0x994
C  [AppKit+0x195662]  -[NSView displayIfNeeded]+0x6d4
C  [AppKit+0x194f73]  -[NSWindow displayIfNeeded]+0xe6
C  [AppKit+0x87fc2f]  ___NSWindowGetDisplayCycleObserver_block_invoke.6219+0x115
C  [AppKit+0x194a51]  __37+[NSDisplayCycle currentDisplayCycle]_block_invoke+0x1c6
C  [QuartzCore+0x111ba]  _ZN2CA11Transaction19run_commit_handlersE18CATransactionPhase+0x2e
C  [QuartzCore+0x118e10]  _ZN2CA7Context18commit_transactionEPNS_11TransactionE+0xa0
C  [QuartzCore+0xfd55]  _ZN2CA11Transaction6commitEv+0x1db
C  [AppKit+0x46ac69]  __37+[NSDisplayCycle currentDisplayCycle]_block_invoke.31+0x143
C  [CoreFoundation+0xa6ec7]  __CFRUNLOOP_IS_CALLING_OUT_TO_AN_OBSERVER_CALLBACK_FUNCTION__+0x17
C  [CoreFoundation+0xa6e37]  __CFRunLoopDoObservers+0x187
C  [CoreFoundation+0x87ad9]  __CFRunLoopRun+0x369
C  [CoreFoundation+0x87514]  CFRunLoopRunSpecific+0x1a4
C  [HIToolbox+0x30fbc]  RunCurrentEventLoopInMode+0xf0
C  [HIToolbox+0x30cf9]  ReceiveNextEventCommon+0xb8
C  [HIToolbox+0x30c26]  _BlockUntilNextEventMatchingListInModeWithFilter+0x47
C  [AppKit+0x46b79]  _DPSNextEvent+0x445
C  [AppKit+0x75c1c3]  -[NSApplication(NSEvent) _nextEventMatchingEventMask:untilDate:inMode:dequeue:]+0x665
C  [libosxapp.dylib+0x242a]  -[NSApplicationAWT nextEventMatchingMask:untilDate:inMode:dequeue:]+0x7c
C  [AppKit+0x3b53d]  -[NSApplication run]+0x39e
C  [libosxapp.dylib+0x223e]  +[NSApplicationAWT runAWTLoopWithApp:]+0x9c
C  [libawt_lwawt.dylib+0x4463b]  -[AWTStarter starter:]+0x389
C  [Foundation+0x71f2a]  __NSThreadPerformPerform+0x146
C  [CoreFoundation+0xa74b1]  __CFRUNLOOP_IS_CALLING_OUT_TO_A_SOURCE0_PERFORM_FUNCTION__+0x11
C  [CoreFoundation+0x8861d]  __CFRunLoopDoSources0+0x22d
C  [CoreFoundation+0x87b16]  __CFRunLoopRun+0x3a6
C  [CoreFoundation+0x87514]  CFRunLoopRunSpecific+0x1a4
C  [java+0x6490]  CreateExecutionEnvironment+0x367
C  [java+0x221c]  JLI_Launch+0x7a0
C  [java+0x84ed]  main+0x65
C  [java+0x1a74]  start+0x34
C  0x0000000000000006


---------------  P R O C E S S  ---------------

Java Threads: ( => current thread )
  0x00007fc4f43a3800 JavaThread "AWT-Shutdown" [_thread_blocked, id=32519, stack(0x000070000dc55000,0x000070000dd55000)]
  0x00007fc4f41f6800 JavaThread "Java2D Queue Flusher" daemon [_thread_blocked, id=68615, stack(0x000070000e067000,0x000070000e167000)]
  0x00007fc4f71fd000 JavaThread "Java2D Disposer" daemon [_thread_blocked, id=64519, stack(0x000070000df64000,0x000070000e064000)]
=>0x00007fc4f5036800 JavaThread "AppKit Thread" daemon [_thread_in_native, id=775, stack(0x00007fff5650e000,0x00007fff56d0e000)]
  0x00007fc4f6858800 JavaThread "Service Thread" daemon [_thread_blocked, id=21251, stack(0x000070000d9cc000,0x000070000dacc000)]
  0x00007fc4f401b000 JavaThread "C1 CompilerThread3" daemon [_thread_blocked, id=20739, stack(0x000070000d8c9000,0x000070000d9c9000)]
  0x00007fc4f401a800 JavaThread "C2 CompilerThread2" daemon [_thread_blocked, id=20227, stack(0x000070000d7c6000,0x000070000d8c6000)]
  0x00007fc4f4019800 JavaThread "C2 CompilerThread1" daemon [_thread_blocked, id=19715, stack(0x000070000d6c3000,0x000070000d7c3000)]
  0x00007fc4f4028800 JavaThread "C2 CompilerThread0" daemon [_thread_blocked, id=19203, stack(0x000070000d5c0000,0x000070000d6c0000)]
  0x00007fc4f4027800 JavaThread "Signal Dispatcher" daemon [_thread_blocked, id=18691, stack(0x000070000d4bd000,0x000070000d5bd000)]
  0x00007fc4f7027000 JavaThread "Finalizer" daemon [_thread_blocked, id=14595, stack(0x000070000d3ba000,0x000070000d4ba000)]
  0x00007fc4f5006800 JavaThread "Reference Handler" daemon [_thread_blocked, id=14083, stack(0x000070000d2b7000,0x000070000d3b7000)]
  0x00007fc4f6805800 JavaThread "main" [_thread_in_native, id=7171, stack(0x000070000c899000,0x000070000c999000)]

Other Threads:
  0x00007fc4f6803000 VMThread [stack: 0x000070000d1b4000,0x000070000d2b4000] [id=13571]
  0x00007fc4f6859000 WatcherThread [stack: 0x000070000dacf000,0x000070000dbcf000] [id=21763]

VM state:not at safepoint (normal execution)

VM Mutex/Monitor currently owned by a thread: None

Heap:
 PSYoungGen      total 76288K, used 18913K [0x000000076ab00000, 0x0000000770000000, 0x00000007c0000000)
  eden space 65536K, 24% used [0x000000076ab00000,0x000000076bad23f0,0x000000076eb00000)
  from space 10752K, 25% used [0x000000076f580000,0x000000076f826158,0x0000000770000000)
  to   space 10752K, 0% used [0x000000076eb00000,0x000000076eb00000,0x000000076f580000)
 ParOldGen       total 175104K, used 14450K [0x00000006c0000000, 0x00000006cab00000, 0x000000076ab00000)
  object space 175104K, 8% used [0x00000006c0000000,0x00000006c0e1cb98,0x00000006cab00000)
 Metaspace       used 10975K, capacity 11168K, committed 11264K, reserved 1058816K
  class space    used 1155K, capacity 1245K, committed 1280K, reserved 1048576K

Card table byte_map: [0x000000010b329000,0x000000010bb2a000] byte_map_base: 0x0000000107d29000

Marking Bits: (ParMarkBitMap*) 0x000000010a8c27a0
 Begin Bits: [0x000000011ebf6000, 0x0000000122bf6000)
 End Bits:   [0x0000000122bf6000, 0x0000000126bf6000)

Polling page: 0x0000000108fb4000

CodeCache: size=245760Kb used=5544Kb max_used=5544Kb free=240215Kb
 bounds [0x000000010fbf6000, 0x0000000110176000, 0x000000011ebf6000]
 total_blobs=1701 nmethods=1179 adapters=436
 compilation: enabled

Compilation events (10 events):
Event: 5.861 Thread 0x00007fc4f401b000 1175       3       java.nio.Bits::int1 (6 bytes)
Event: 5.861 Thread 0x00007fc4f401b000 nmethod 1175 0x000000011013d950 code [0x000000011013daa0, 0x000000011013dbd0]
Event: 5.861 Thread 0x00007fc4f401b000 1176       3       java.nio.Bits::int0 (3 bytes)
Event: 5.862 Thread 0x00007fc4f401b000 nmethod 1176 0x000000011013d650 code [0x000000011013d7a0, 0x000000011013d8d0]
Event: 5.875 Thread 0x00007fc4f401b000 1177       3       java.nio.HeapByteBuffer::get (14 bytes)
Event: 5.876 Thread 0x00007fc4f401b000 nmethod 1177 0x000000011013cf50 code [0x000000011013d0e0, 0x000000011013d488]
Event: 5.975 Thread 0x00007fc4f401b000 1178       1       org.newdawn.slick.tiled.TiledMap::getWidth (5 bytes)
Event: 5.975 Thread 0x00007fc4f401b000 nmethod 1178 0x000000011013cc90 code [0x000000011013cde0, 0x000000011013cef0]
Event: 5.975 Thread 0x00007fc4f401b000 1179       1       org.newdawn.slick.tiled.TiledMap::getHeight (5 bytes)
Event: 5.975 Thread 0x00007fc4f401b000 nmethod 1179 0x000000011013c9d0 code [0x000000011013cb20, 0x000000011013cc30]

GC Heap History (4 events):
Event: 1.883 GC heap before
{Heap before GC invocations=1 (full 0):
 PSYoungGen      total 76288K, used 65536K [0x000000076ab00000, 0x0000000770000000, 0x00000007c0000000)
  eden space 65536K, 100% used [0x000000076ab00000,0x000000076eb00000,0x000000076eb00000)
  from space 10752K, 0% used [0x000000076f580000,0x000000076f580000,0x0000000770000000)
  to   space 10752K, 0% used [0x000000076eb00000,0x000000076eb00000,0x000000076f580000)
 ParOldGen       total 175104K, used 0K [0x00000006c0000000, 0x00000006cab00000, 0x000000076ab00000)
  object space 175104K, 0% used [0x00000006c0000000,0x00000006c0000000,0x00000006cab00000)
 Metaspace       used 10695K, capacity 10880K, committed 11008K, reserved 1058816K
  class space    used 1141K, capacity 1213K, committed 1280K, reserved 1048576K
Event: 1.891 GC heap after
Heap after GC invocations=1 (full 0):
 PSYoungGen      total 76288K, used 10734K [0x000000076ab00000, 0x0000000770000000, 0x00000007c0000000)
  eden space 65536K, 0% used [0x000000076ab00000,0x000000076ab00000,0x000000076eb00000)
  from space 10752K, 99% used [0x000000076eb00000,0x000000076f57b910,0x000000076f580000)
  to   space 10752K, 0% used [0x000000076f580000,0x000000076f580000,0x0000000770000000)
 ParOldGen       total 175104K, used 14442K [0x00000006c0000000, 0x00000006cab00000, 0x000000076ab00000)
  object space 175104K, 8% used [0x00000006c0000000,0x00000006c0e1ab98,0x00000006cab00000)
 Metaspace       used 10695K, capacity 10880K, committed 11008K, reserved 1058816K
  class space    used 1141K, capacity 1213K, committed 1280K, reserved 1048576K
}
Event: 3.992 GC heap before
{Heap before GC invocations=2 (full 0):
 PSYoungGen      total 76288K, used 76270K [0x000000076ab00000, 0x0000000770000000, 0x00000007c0000000)
  eden space 65536K, 100% used [0x000000076ab00000,0x000000076eb00000,0x000000076eb00000)
  from space 10752K, 99% used [0x000000076eb00000,0x000000076f57b910,0x000000076f580000)
  to   space 10752K, 0% used [0x000000076f580000,0x000000076f580000,0x0000000770000000)
 ParOldGen       total 175104K, used 14442K [0x00000006c0000000, 0x00000006cab00000, 0x000000076ab00000)
  object space 175104K, 8% used [0x00000006c0000000,0x00000006c0e1ab98,0x00000006cab00000)
 Metaspace       used 10801K, capacity 10944K, committed 11264K, reserved 1058816K
  class space    used 1145K, capacity 1213K, committed 1280K, reserved 1048576K
Event: 3.996 GC heap after
Heap after GC invocations=2 (full 0):
 PSYoungGen      total 76288K, used 2712K [0x000000076ab00000, 0x0000000770000000, 0x00000007c0000000)
  eden space 65536K, 0% used [0x000000076ab00000,0x000000076ab00000,0x000000076eb00000)
  from space 10752K, 25% used [0x000000076f580000,0x000000076f826158,0x0000000770000000)
  to   space 10752K, 0% used [0x000000076eb00000,0x000000076eb00000,0x000000076f580000)
 ParOldGen       total 175104K, used 14450K [0x00000006c0000000, 0x00000006cab00000, 0x000000076ab00000)
  object space 175104K, 8% used [0x00000006c0000000,0x00000006c0e1cb98,0x00000006cab00000)
 Metaspace       used 10801K, capacity 10944K, committed 11264K, reserved 1058816K
  class space    used 1145K, capacity 1213K, committed 1280K, reserved 1048576K
}

Deoptimization events (9 events):
Event: 0.250 Thread 0x00007fc4f5036800 Uncommon trap: reason=unstable_if action=reinterpret pc=0x000000010fd33f80 method=java.lang.String.indexOf(II)I @ 49
Event: 1.674 Thread 0x00007fc4f6805800 Uncommon trap: reason=unloaded action=reinterpret pc=0x000000010fe82b64 method=org.newdawn.slick.opengl.PNGImageData.loadImage(Ljava/io/InputStream;ZZ[I)Ljava/nio/ByteBuffer; @ 7
Event: 1.691 Thread 0x00007fc4f6805800 Uncommon trap: reason=unstable_if action=reinterpret pc=0x000000010fd55408 method=java.lang.String.indexOf([CII[CIII)I @ 3
Event: 1.695 Thread 0x00007fc4f6805800 Uncommon trap: reason=class_check action=maybe_recompile pc=0x000000010fe28344 method=java.util.HashMap.putVal(ILjava/lang/Object;Ljava/lang/Object;ZZ)Ljava/lang/Object; @ 253
Event: 1.695 Thread 0x00007fc4f6805800 Uncommon trap: reason=class_check action=maybe_recompile pc=0x000000010fe28344 method=java.util.HashMap.putVal(ILjava/lang/Object;Ljava/lang/Object;ZZ)Ljava/lang/Object; @ 253
Event: 1.695 Thread 0x00007fc4f6805800 Uncommon trap: reason=class_check action=maybe_recompile pc=0x000000010fe28344 method=java.util.HashMap.putVal(ILjava/lang/Object;Ljava/lang/Object;ZZ)Ljava/lang/Object; @ 253
Event: 1.695 Thread 0x00007fc4f6805800 Uncommon trap: reason=class_check action=maybe_recompile pc=0x000000010fe28344 method=java.util.HashMap.putVal(ILjava/lang/Object;Ljava/lang/Object;ZZ)Ljava/lang/Object; @ 253
Event: 1.987 Thread 0x00007fc4f6805800 Uncommon trap: reason=unstable_if action=reinterpret pc=0x000000010ff40478 method=org.newdawn.slick.opengl.ImageIOImageData.imageToByteBuffer(Ljava/awt/image/BufferedImage;ZZ[I)Ljava/nio/ByteBuffer; @ 398
Event: 1.988 Thread 0x00007fc4f6805800 Uncommon trap: reason=unstable_if action=reinterpret pc=0x000000010fe4e754 method=java.nio.Bits.copyFromArray(Ljava/lang/Object;JJJJ)V @ 18

Internal exceptions (10 events):
Event: 0.037 Thread 0x00007fc4f6805800 Exception <a 'java/lang/NoSuchMethodError': Method sun.misc.Unsafe.prefetchRead(Ljava/lang/Object;J)V name or signature does not match> (0x000000076ab13040) thrown at [/Users/java_re/workspace/8-2-build-macosx-x86_64/jdk8u40/2855/hotspot/src/share/vm/prim
Event: 0.118 Thread 0x00007fc4f6805800 Exception <a 'java/security/PrivilegedActionException'> (0x000000076af53640) thrown at [/Users/java_re/workspace/8-2-build-macosx-x86_64/jdk8u40/2855/hotspot/src/share/vm/prims/jvm.cpp, line 1382]
Event: 0.118 Thread 0x00007fc4f6805800 Exception <a 'java/security/PrivilegedActionException'> (0x000000076af537f8) thrown at [/Users/java_re/workspace/8-2-build-macosx-x86_64/jdk8u40/2855/hotspot/src/share/vm/prims/jvm.cpp, line 1382]
Event: 0.118 Thread 0x00007fc4f6805800 Exception <a 'java/security/PrivilegedActionException'> (0x000000076af56b78) thrown at [/Users/java_re/workspace/8-2-build-macosx-x86_64/jdk8u40/2855/hotspot/src/share/vm/prims/jvm.cpp, line 1382]
Event: 0.118 Thread 0x00007fc4f6805800 Exception <a 'java/security/PrivilegedActionException'> (0x000000076af56d30) thrown at [/Users/java_re/workspace/8-2-build-macosx-x86_64/jdk8u40/2855/hotspot/src/share/vm/prims/jvm.cpp, line 1382]
Event: 0.237 Thread 0x00007fc4f6805800 Exception <a 'java/io/FileNotFoundException'> (0x000000076af5ab88) thrown at [/Users/java_re/workspace/8-2-build-macosx-x86_64/jdk8u40/2855/hotspot/src/share/vm/prims/jni.cpp, line 709]
Event: 0.237 Thread 0x00007fc4f6805800 Exception <a 'java/io/FileNotFoundException'> (0x000000076af5b6a8) thrown at [/Users/java_re/workspace/8-2-build-macosx-x86_64/jdk8u40/2855/hotspot/src/share/vm/prims/jni.cpp, line 709]
Event: 0.245 Thread 0x00007fc4f6805800 Exception <a 'java/lang/UnsatisfiedLinkError'> (0x000000076af68ea0) thrown at [/Users/java_re/workspace/8-2-build-macosx-x86_64/jdk8u40/2855/hotspot/src/share/vm/prims/jvm.cpp, line 1386]
Event: 0.277 Thread 0x00007fc4f5036800 Exception <a 'java/lang/NoSuchFieldError': method resolution failed> (0x000000076b0f0aa0) thrown at [/Users/java_re/workspace/8-2-build-macosx-x86_64/jdk8u40/2855/hotspot/src/share/vm/prims/methodHandles.cpp, line 1125]
Event: 0.278 Thread 0x00007fc4f5036800 Exception <a 'java/lang/NoSuchFieldError': method resolution failed> (0x000000076b0ff140) thrown at [/Users/java_re/workspace/8-2-build-macosx-x86_64/jdk8u40/2855/hotspot/src/share/vm/prims/methodHandles.cpp, line 1125]

Events (10 events):
Event: 4.841 Thread 0x00007fc4f6805800 DEOPT PACKING pc=0x00000001100df34e sp=0x000070000c9982c0
Event: 4.841 Thread 0x00007fc4f6805800 DEOPT UNPACKING pc=0x000000010fc3d633 sp=0x000070000c9983f0 mode 0
Event: 4.942 Thread 0x00007fc4f6805800 DEOPT PACKING pc=0x00000001100df34e sp=0x000070000c9982c0
Event: 4.942 Thread 0x00007fc4f6805800 DEOPT UNPACKING pc=0x000000010fc3d633 sp=0x000070000c9983f0 mode 0
Event: 4.991 Thread 0x00007fc4f6805800 DEOPT PACKING pc=0x00000001100df34e sp=0x000070000c9982c0
Event: 4.991 Thread 0x00007fc4f6805800 DEOPT UNPACKING pc=0x000000010fc3d633 sp=0x000070000c9983f0 mode 0
Event: 5.091 Thread 0x00007fc4f6805800 DEOPT PACKING pc=0x00000001100dfec2 sp=0x000070000c9982c0
Event: 5.091 Thread 0x00007fc4f6805800 DEOPT UNPACKING pc=0x000000010fc3d633 sp=0x000070000c9983f8 mode 0
Event: 5.999 loading class org/lwjgl/opengl/CallbackUtil
Event: 5.999 loading class org/lwjgl/opengl/CallbackUtil done


Dynamic libraries:
0x0000000004a2a000 	/System/Library/Frameworks/Cocoa.framework/Versions/A/Cocoa
0x0000000004a2a000 	/System/Library/Frameworks/Security.framework/Versions/A/Security
0x0000000004a2a000 	/System/Library/Frameworks/ApplicationServices.framework/Versions/A/ApplicationServices
0x0000000004a2a000 	/usr/lib/libz.1.dylib
0x0000000004a2a000 	/usr/lib/libSystem.B.dylib
0x0000000004a2a000 	/usr/lib/libobjc.A.dylib
0x0000000004a2a000 	/System/Library/Frameworks/CoreFoundation.framework/Versions/A/CoreFoundation
0x0000000004a2a000 	/System/Library/Frameworks/Foundation.framework/Versions/C/Foundation
0x0000000004a2a000 	/System/Library/Frameworks/AppKit.framework/Versions/C/AppKit
0x0000000004a2a000 	/System/Library/Frameworks/CoreData.framework/Versions/A/CoreData
0x0000000004a2a000 	/System/Library/PrivateFrameworks/RemoteViewServices.framework/Versions/A/RemoteViewServices
0x0000000004a2a000 	/System/Library/PrivateFrameworks/UIFoundation.framework/Versions/A/UIFoundation
0x0000000004a2a000 	/usr/lib/libenergytrace.dylib
0x0000000004a2a000 	/System/Library/PrivateFrameworks/SkyLight.framework/Versions/A/SkyLight
0x0000000004a2a000 	/System/Library/Frameworks/CoreGraphics.framework/Versions/A/CoreGraphics
0x0000000004a2a000 	/usr/lib/libScreenReader.dylib
0x0000000004a2a000 	/System/Library/Frameworks/Accelerate.framework/Versions/A/Accelerate
0x0000000004a2a000 	/System/Library/Frameworks/IOSurface.framework/Versions/A/IOSurface
0x0000000004a2a000 	/System/Library/Frameworks/AudioToolbox.framework/Versions/A/AudioToolbox
0x0000000004a2a000 	/System/Library/Frameworks/AudioUnit.framework/Versions/A/AudioUnit
0x0000000004a2a000 	/System/Library/PrivateFrameworks/DataDetectorsCore.framework/Versions/A/DataDetectorsCore
0x0000000004a2a000 	/System/Library/PrivateFrameworks/DesktopServicesPriv.framework/Versions/A/DesktopServicesPriv
0x0000000004a2a000 	/System/Library/Frameworks/Carbon.framework/Versions/A/Frameworks/HIToolbox.framework/Versions/A/HIToolbox
0x0000000004a2a000 	/usr/lib/libicucore.A.dylib
0x0000000004a2a000 	/System/Library/Frameworks/QuartzCore.framework/Versions/A/QuartzCore
0x0000000004a2a000 	/System/Library/Frameworks/Carbon.framework/Versions/A/Frameworks/SpeechRecognition.framework/Versions/A/SpeechRecognition
0x0000000004a2a000 	/usr/lib/libauto.dylib
0x0000000004a2a000 	/usr/lib/libxml2.2.dylib
0x0000000004a2a000 	/System/Library/PrivateFrameworks/CoreUI.framework/Versions/A/CoreUI
0x0000000004a2a000 	/System/Library/Frameworks/CoreAudio.framework/Versions/A/CoreAudio
0x0000000004a2a000 	/System/Library/Frameworks/DiskArbitration.framework/Versions/A/DiskArbitration
0x0000000004a2a000 	/usr/lib/liblangid.dylib
0x0000000004a2a000 	/System/Library/PrivateFrameworks/MultitouchSupport.framework/Versions/A/MultitouchSupport
0x0000000004a2a000 	/System/Library/Frameworks/IOKit.framework/Versions/A/IOKit
0x0000000004a2a000 	/usr/lib/libDiagnosticMessagesClient.dylib
0x0000000004a2a000 	/System/Library/Frameworks/CoreServices.framework/Versions/A/CoreServices
0x0000000004a2a000 	/System/Library/PrivateFrameworks/PerformanceAnalysis.framework/Versions/A/PerformanceAnalysis
0x0000000004a2a000 	/System/Library/PrivateFrameworks/GenerationalStorage.framework/Versions/A/GenerationalStorage
0x0000000004a2a000 	/System/Library/Frameworks/OpenGL.framework/Versions/A/OpenGL
0x0000000004a2a000 	/System/Library/Frameworks/CoreImage.framework/Versions/A/CoreImage
0x0000000004a2a000 	/System/Library/Frameworks/CoreText.framework/Versions/A/CoreText
0x0000000004a2a000 	/System/Library/Frameworks/ImageIO.framework/Versions/A/ImageIO
0x0000000004a2a000 	/System/Library/PrivateFrameworks/Backup.framework/Versions/A/Backup
0x0000000004a2a000 	/usr/lib/libarchive.2.dylib
0x0000000004a2a000 	/System/Library/Frameworks/CFNetwork.framework/Versions/A/CFNetwork
0x0000000004a2a000 	/System/Library/Frameworks/SystemConfiguration.framework/Versions/A/SystemConfiguration
0x0000000004a2a000 	/usr/lib/libCRFSuite.dylib
0x0000000004a2a000 	/usr/lib/libc++.1.dylib
0x0000000004a2a000 	/usr/lib/libc++abi.dylib
0x0000000004a2a000 	/usr/lib/system/libcache.dylib
0x0000000004a2a000 	/usr/lib/system/libcommonCrypto.dylib
0x0000000004a2a000 	/usr/lib/system/libcompiler_rt.dylib
0x0000000004a2a000 	/usr/lib/system/libcopyfile.dylib
0x0000000004a2a000 	/usr/lib/system/libcorecrypto.dylib
0x0000000004a2a000 	/usr/lib/system/libdispatch.dylib
0x0000000004a2a000 	/usr/lib/system/libdyld.dylib
0x0000000004a2a000 	/usr/lib/system/libkeymgr.dylib
0x0000000004a2a000 	/usr/lib/system/liblaunch.dylib
0x0000000004a2a000 	/usr/lib/system/libmacho.dylib
0x0000000004a2a000 	/usr/lib/system/libquarantine.dylib
0x0000000004a2a000 	/usr/lib/system/libremovefile.dylib
0x0000000004a2a000 	/usr/lib/system/libsystem_asl.dylib
0x0000000004a2a000 	/usr/lib/system/libsystem_blocks.dylib
0x0000000004a2a000 	/usr/lib/system/libsystem_c.dylib
0x0000000004a2a000 	/usr/lib/system/libsystem_configuration.dylib
0x0000000004a2a000 	/usr/lib/system/libsystem_coreservices.dylib
0x0000000004a2a000 	/usr/lib/system/libsystem_coretls.dylib
0x0000000004a2a000 	/usr/lib/system/libsystem_dnssd.dylib
0x0000000004a2a000 	/usr/lib/system/libsystem_info.dylib
0x0000000004a2a000 	/usr/lib/system/libsystem_kernel.dylib
0x0000000004a2a000 	/usr/lib/system/libsystem_m.dylib
0x0000000004a2a000 	/usr/lib/system/libsystem_malloc.dylib
0x0000000004a2a000 	/usr/lib/system/libsystem_network.dylib
0x0000000004a2a000 	/usr/lib/system/libsystem_networkextension.dylib
0x0000000004a2a000 	/usr/lib/system/libsystem_notify.dylib
0x0000000004a2a000 	/usr/lib/system/libsystem_platform.dylib
0x0000000004a2a000 	/usr/lib/system/libsystem_pthread.dylib
0x0000000004a2a000 	/usr/lib/system/libsystem_sandbox.dylib
0x0000000004a2a000 	/usr/lib/system/libsystem_secinit.dylib
0x0000000004a2a000 	/usr/lib/system/libsystem_symptoms.dylib
0x0000000004a2a000 	/usr/lib/system/libsystem_trace.dylib
0x0000000004a2a000 	/usr/lib/system/libunwind.dylib
0x0000000004a2a000 	/usr/lib/system/libxpc.dylib
0x0000000004a2a000 	/usr/lib/libbsm.0.dylib
0x0000000004a2a000 	/usr/lib/system/libkxld.dylib
0x0000000004a2a000 	/usr/lib/libcoretls.dylib
0x0000000004a2a000 	/usr/lib/libcoretls_cfhelpers.dylib
0x0000000004a2a000 	/usr/lib/libxar.1.dylib
0x0000000004a2a000 	/usr/lib/libsqlite3.dylib
0x0000000004a2a000 	/usr/lib/libpam.2.dylib
0x0000000004a2a000 	/usr/lib/libOpenScriptingUtil.dylib
0x0000000004a2a000 	/usr/lib/libbz2.1.0.dylib
0x0000000004a2a000 	/usr/lib/liblzma.5.dylib
0x0000000004a2a000 	/usr/lib/libnetwork.dylib
0x0000000004a2a000 	/usr/lib/libpcap.A.dylib
0x0000000004a2a000 	/System/Library/Frameworks/CoreServices.framework/Versions/A/Frameworks/FSEvents.framework/Versions/A/FSEvents
0x0000000004a2a000 	/System/Library/Frameworks/CoreServices.framework/Versions/A/Frameworks/CarbonCore.framework/Versions/A/CarbonCore
0x0000000004a2a000 	/System/Library/Frameworks/CoreServices.framework/Versions/A/Frameworks/Metadata.framework/Versions/A/Metadata
0x0000000004a2a000 	/System/Library/Frameworks/CoreServices.framework/Versions/A/Frameworks/OSServices.framework/Versions/A/OSServices
0x0000000004a2a000 	/System/Library/Frameworks/CoreServices.framework/Versions/A/Frameworks/SearchKit.framework/Versions/A/SearchKit
0x0000000004a2a000 	/System/Library/Frameworks/CoreServices.framework/Versions/A/Frameworks/AE.framework/Versions/A/AE
0x0000000004a2a000 	/System/Library/Frameworks/CoreServices.framework/Versions/A/Frameworks/LaunchServices.framework/Versions/A/LaunchServices
0x0000000004a2a000 	/System/Library/Frameworks/CoreServices.framework/Versions/A/Frameworks/DictionaryServices.framework/Versions/A/DictionaryServices
0x0000000004a2a000 	/System/Library/Frameworks/CoreServices.framework/Versions/A/Frameworks/SharedFileList.framework/Versions/A/SharedFileList
0x0000000004a2a000 	/System/Library/Frameworks/NetFS.framework/Versions/A/NetFS
0x0000000004a2a000 	/System/Library/PrivateFrameworks/NetAuth.framework/Versions/A/NetAuth
0x0000000004a2a000 	/System/Library/PrivateFrameworks/login.framework/Versions/A/Frameworks/loginsupport.framework/Versions/A/loginsupport
0x0000000004a2a000 	/System/Library/PrivateFrameworks/TCC.framework/Versions/A/TCC
0x0000000004a2a000 	/usr/lib/libmecabra.dylib
0x0000000004a2a000 	/System/Library/Frameworks/ApplicationServices.framework/Versions/A/Frameworks/ATS.framework/Versions/A/ATS
0x0000000004a2a000 	/System/Library/Frameworks/ApplicationServices.framework/Versions/A/Frameworks/ColorSync.framework/Versions/A/ColorSync
0x0000000004a2a000 	/System/Library/Frameworks/ApplicationServices.framework/Versions/A/Frameworks/HIServices.framework/Versions/A/HIServices
0x0000000004a2a000 	/System/Library/Frameworks/ApplicationServices.framework/Versions/A/Frameworks/LangAnalysis.framework/Versions/A/LangAnalysis
0x0000000004a2a000 	/System/Library/Frameworks/ApplicationServices.framework/Versions/A/Frameworks/PrintCore.framework/Versions/A/PrintCore
0x0000000004a2a000 	/System/Library/Frameworks/ApplicationServices.framework/Versions/A/Frameworks/QD.framework/Versions/A/QD
0x0000000004a2a000 	/System/Library/Frameworks/ApplicationServices.framework/Versions/A/Frameworks/SpeechSynthesis.framework/Versions/A/SpeechSynthesis
0x0000000004a2a000 	/System/Library/Frameworks/Accelerate.framework/Versions/A/Frameworks/vImage.framework/Versions/A/vImage
0x0000000004a2a000 	/System/Library/Frameworks/Accelerate.framework/Versions/A/Frameworks/vecLib.framework/Versions/A/vecLib
0x0000000004a2a000 	/System/Library/Frameworks/Accelerate.framework/Versions/A/Frameworks/vecLib.framework/Versions/A/libvDSP.dylib
0x0000000004a2a000 	/System/Library/Frameworks/Accelerate.framework/Versions/A/Frameworks/vecLib.framework/Versions/A/libBNNS.dylib
0x0000000004a2a000 	/System/Library/Frameworks/Accelerate.framework/Versions/A/Frameworks/vecLib.framework/Versions/A/libQuadrature.dylib
0x0000000004a2a000 	/System/Library/Frameworks/Accelerate.framework/Versions/A/Frameworks/vecLib.framework/Versions/A/libvMisc.dylib
0x0000000004a2a000 	/System/Library/Frameworks/Accelerate.framework/Versions/A/Frameworks/vecLib.framework/Versions/A/libLAPACK.dylib
0x0000000004a2a000 	/System/Library/Frameworks/Accelerate.framework/Versions/A/Frameworks/vecLib.framework/Versions/A/libBLAS.dylib
0x0000000004a2a000 	/System/Library/Frameworks/Accelerate.framework/Versions/A/Frameworks/vecLib.framework/Versions/A/libLinearAlgebra.dylib
0x0000000004a2a000 	/System/Library/Frameworks/Accelerate.framework/Versions/A/Frameworks/vecLib.framework/Versions/A/libSparseBLAS.dylib
0x0000000004a2a000 	/System/Library/Frameworks/ApplicationServices.framework/Versions/A/Frameworks/ATS.framework/Versions/A/Resources/libFontParser.dylib
0x0000000004a2a000 	/System/Library/Frameworks/ApplicationServices.framework/Versions/A/Frameworks/ATS.framework/Versions/A/Resources/libFontRegistry.dylib
0x0000000004a2a000 	/System/Library/Frameworks/ImageIO.framework/Versions/A/Resources/libJPEG.dylib
0x0000000004a2a000 	/System/Library/Frameworks/ImageIO.framework/Versions/A/Resources/libTIFF.dylib
0x0000000004a2a000 	/System/Library/Frameworks/ImageIO.framework/Versions/A/Resources/libPng.dylib
0x0000000004a2a000 	/System/Library/Frameworks/ImageIO.framework/Versions/A/Resources/libGIF.dylib
0x0000000004a2a000 	/System/Library/Frameworks/ImageIO.framework/Versions/A/Resources/libJP2.dylib
0x0000000004a2a000 	/System/Library/Frameworks/ImageIO.framework/Versions/A/Resources/libRadiance.dylib
0x0000000004a2a000 	/usr/lib/libcompression.dylib
0x0000000004a2a000 	/System/Library/PrivateFrameworks/AppleJPEG.framework/Versions/A/AppleJPEG
0x0000000004a2a000 	/usr/lib/libcups.2.dylib
0x0000000004a2a000 	/System/Library/Frameworks/Kerberos.framework/Versions/A/Kerberos
0x0000000004a2a000 	/System/Library/Frameworks/GSS.framework/Versions/A/GSS
0x0000000004a2a000 	/usr/lib/libresolv.9.dylib
0x0000000004a2a000 	/usr/lib/libiconv.2.dylib
0x0000000004a2a000 	/System/Library/PrivateFrameworks/Heimdal.framework/Versions/A/Heimdal
0x0000000004a2a000 	/usr/lib/libheimdal-asn1.dylib
0x0000000004a2a000 	/System/Library/Frameworks/OpenDirectory.framework/Versions/A/OpenDirectory
0x0000000004a2a000 	/System/Library/PrivateFrameworks/CommonAuth.framework/Versions/A/CommonAuth
0x0000000004a2a000 	/System/Library/Frameworks/OpenDirectory.framework/Versions/A/Frameworks/CFOpenDirectory.framework/Versions/A/CFOpenDirectory
0x0000000004a2a000 	/System/Library/Frameworks/SecurityFoundation.framework/Versions/A/SecurityFoundation
0x0000000004a2a000 	/System/Library/PrivateFrameworks/LanguageModeling.framework/Versions/A/LanguageModeling
0x0000000004a2a000 	/usr/lib/libmarisa.dylib
0x0000000004a2a000 	/usr/lib/libChineseTokenizer.dylib
0x0000000004a2a000 	/usr/lib/libcmph.dylib
0x0000000004a2a000 	/System/Library/PrivateFrameworks/CoreEmoji.framework/Versions/A/CoreEmoji
0x0000000004a2a000 	/System/Library/Frameworks/ServiceManagement.framework/Versions/A/ServiceManagement
0x0000000004a2a000 	/usr/lib/libxslt.1.dylib
0x0000000004a2a000 	/System/Library/Frameworks/Carbon.framework/Versions/A/Frameworks/Ink.framework/Versions/A/Ink
0x0000000004a2a000 	/System/Library/PrivateFrameworks/TextureIO.framework/Versions/A/TextureIO
0x0000000004a2a000 	/System/Library/Frameworks/Metal.framework/Versions/A/Metal
0x0000000004a2a000 	/usr/lib/libate.dylib
0x0000000004a2a000 	/System/Library/PrivateFrameworks/GPUCompiler.framework/libmetal_timestamp.dylib
0x0000000004a2a000 	/System/Library/Frameworks/OpenGL.framework/Versions/A/Libraries/libCoreFSCache.dylib
0x0000000004a2a000 	/System/Library/PrivateFrameworks/IOAccelerator.framework/Versions/A/IOAccelerator
0x0000000004a2a000 	/System/Library/Frameworks/CoreVideo.framework/Versions/A/CoreVideo
0x0000000004a2a000 	/usr/lib/libFosl_dynamic.dylib
0x0000000004a2a000 	/System/Library/PrivateFrameworks/MetalPerformanceShaders.framework/Versions/A/MetalPerformanceShaders
0x0000000004a2a000 	/System/Library/PrivateFrameworks/FaceCore.framework/Versions/A/FaceCore
0x0000000004a2a000 	/System/Library/Frameworks/OpenCL.framework/Versions/A/OpenCL
0x0000000004a2a000 	/System/Library/Frameworks/OpenGL.framework/Versions/A/Libraries/libGLU.dylib
0x0000000004a2a000 	/System/Library/Frameworks/OpenGL.framework/Versions/A/Libraries/libGFXShared.dylib
0x0000000004a2a000 	/System/Library/Frameworks/OpenGL.framework/Versions/A/Libraries/libGL.dylib
0x0000000004a2a000 	/System/Library/Frameworks/OpenGL.framework/Versions/A/Libraries/libGLImage.dylib
0x0000000004a2a000 	/System/Library/Frameworks/OpenGL.framework/Versions/A/Libraries/libCVMSPluginSupport.dylib
0x0000000004a2a000 	/System/Library/Frameworks/OpenGL.framework/Versions/A/Libraries/libCoreVMClient.dylib
0x0000000004a2a000 	/System/Library/PrivateFrameworks/CrashReporterSupport.framework/Versions/A/CrashReporterSupport
0x0000000004a2a000 	/System/Library/PrivateFrameworks/Sharing.framework/Versions/A/Sharing
0x0000000004a2a000 	/System/Library/PrivateFrameworks/IconServices.framework/Versions/A/IconServices
0x0000000004a2a000 	/System/Library/PrivateFrameworks/ProtocolBuffer.framework/Versions/A/ProtocolBuffer
0x0000000004a2a000 	/System/Library/PrivateFrameworks/Apple80211.framework/Versions/A/Apple80211
0x0000000004a2a000 	/System/Library/Frameworks/CoreWLAN.framework/Versions/A/CoreWLAN
0x0000000004a2a000 	/System/Library/PrivateFrameworks/CoreUtils.framework/Versions/A/CoreUtils
0x0000000004a2a000 	/System/Library/Frameworks/IOBluetooth.framework/Versions/A/IOBluetooth
0x0000000004a2a000 	/System/Library/PrivateFrameworks/CoreWiFi.framework/Versions/A/CoreWiFi
0x0000000004a2a000 	/System/Library/Frameworks/CoreBluetooth.framework/Versions/A/CoreBluetooth
0x0000000004a2a000 	/System/Library/Frameworks/CoreDisplay.framework/Versions/A/CoreDisplay
0x0000000004a2a000 	/System/Library/PrivateFrameworks/IOPresentment.framework/Versions/A/IOPresentment
0x0000000004a2a000 	/System/Library/PrivateFrameworks/DebugSymbols.framework/Versions/A/DebugSymbols
0x0000000004a2a000 	/System/Library/PrivateFrameworks/CoreSymbolication.framework/Versions/A/CoreSymbolication
0x0000000004a2a000 	/System/Library/PrivateFrameworks/Symbolication.framework/Versions/A/Symbolication
0x0000000004a2a000 	/System/Library/PrivateFrameworks/AppleFSCompression.framework/Versions/A/AppleFSCompression
0x0000000004a2a000 	/System/Library/PrivateFrameworks/SpeechRecognitionCore.framework/Versions/A/SpeechRecognitionCore
0x0000000004a2a000 	/System/Library/PrivateFrameworks/ChunkingLibrary.framework/Versions/A/ChunkingLibrary
0x000000010a000000 	/Library/Java/JavaVirtualMachines/jdk1.8.0_40.jdk/Contents/Home/jre/lib/server/libjvm.dylib
0x0000000004a2a000 	/usr/lib/libstdc++.6.dylib
0x0000000108f71000 	/Library/Java/JavaVirtualMachines/jdk1.8.0_40.jdk/Contents/Home/jre/lib/libverify.dylib
0x0000000108f7f000 	/Library/Java/JavaVirtualMachines/jdk1.8.0_40.jdk/Contents/Home/jre/lib/libjava.dylib
0x0000000108fbe000 	/Library/Java/JavaVirtualMachines/jdk1.8.0_40.jdk/Contents/Home/jre/lib/libzip.dylib
0x000000010eff6000 	/System/Library/Frameworks/JavaVM.framework/Frameworks/JavaRuntimeSupport.framework/JavaRuntimeSupport
0x000000010f010000 	/System/Library/Frameworks/JavaVM.framework/Versions/A/Frameworks/JavaNativeFoundation.framework/Versions/A/JavaNativeFoundation
0x0000000108ff0000 	/System/Library/Frameworks/JavaVM.framework/Versions/A/JavaVM
0x0000000004a2a000 	/System/Library/Frameworks/Carbon.framework/Versions/A/Carbon
0x000000010f025000 	/System/Library/PrivateFrameworks/JavaLaunching.framework/Versions/A/JavaLaunching
0x0000000004a2a000 	/System/Library/Frameworks/Carbon.framework/Versions/A/Frameworks/CommonPanels.framework/Versions/A/CommonPanels
0x0000000004a2a000 	/System/Library/Frameworks/Carbon.framework/Versions/A/Frameworks/Help.framework/Versions/A/Help
0x0000000004a2a000 	/System/Library/Frameworks/Carbon.framework/Versions/A/Frameworks/ImageCapture.framework/Versions/A/ImageCapture
0x0000000004a2a000 	/System/Library/Frameworks/Carbon.framework/Versions/A/Frameworks/OpenScripting.framework/Versions/A/OpenScripting
0x0000000004a2a000 	/System/Library/Frameworks/Carbon.framework/Versions/A/Frameworks/Print.framework/Versions/A/Print
0x0000000004a2a000 	/System/Library/Frameworks/Carbon.framework/Versions/A/Frameworks/SecurityHI.framework/Versions/A/SecurityHI
0x000000010f096000 	/Library/Java/JavaVirtualMachines/jdk1.8.0_40.jdk/Contents/Home/jre/lib/libawt.dylib
0x000000010f13e000 	/Library/Java/JavaVirtualMachines/jdk1.8.0_40.jdk/Contents/Home/jre/lib/./libmlib_image.dylib
0x000000010f20a000 	/Library/Java/JavaVirtualMachines/jdk1.8.0_40.jdk/Contents/Home/jre/lib/libawt_lwawt.dylib
0x000000010f2be000 	/Library/Java/JavaVirtualMachines/jdk1.8.0_40.jdk/Contents/Home/jre/lib/./libosxapp.dylib
0x0000000004a2a000 	/System/Library/Frameworks/ExceptionHandling.framework/Versions/A/ExceptionHandling
0x0000000004a2a000 	/System/Library/PrivateFrameworks/CoreServicesInternal.framework/Versions/A/CoreServicesInternal
0x0000000004a2a000 	/System/Library/CoreServices/RawCamera.bundle/Contents/MacOS/RawCamera
0x0000000004a2a000 	/System/Library/Frameworks/Accelerate.framework/Versions/A/Frameworks/vImage.framework/Versions/A/Libraries/libCGInterfaces.dylib
0x0000000004a2a000 	/System/Library/Frameworks/ApplicationServices.framework/Versions/A/Frameworks/ATS.framework/Versions/A/Resources/libTrueTypeScaler.dylib
0x0000000004a2a000 	/System/Library/Frameworks/OpenGL.framework/Versions/A/Resources/GLEngine.bundle/GLEngine
0x0000000004a2a000 	/System/Library/Frameworks/OpenGL.framework/Versions/A/Libraries/libGLProgrammability.dylib
0x0000000129f3d000 	/System/Library/Extensions/AppleIntelHD5000GraphicsGLDriver.bundle/Contents/MacOS/AppleIntelHD5000GraphicsGLDriver
0x0000000004a2a000 	/System/Library/PrivateFrameworks/GPUSupport.framework/Versions/A/Libraries/libGPUSupportMercury.dylib
0x0000000004a2a000 	/System/Library/Extensions/GeForceGLDriver.bundle/Contents/MacOS/GeForceGLDriver
0x0000000004a2a000 	/System/Library/Extensions/GeForceGLDriver.bundle/Contents/MacOS/libclh.dylib
0x0000000004a2a000 	/System/Library/Frameworks/OpenGL.framework/Versions/A/Resources/GLRendererFloat.bundle/GLRendererFloat
0x0000000004a2a000 	/System/Library/Frameworks/OpenCL.framework/Versions/A/Libraries/libcldcpuengine.dylib
0x0000000004a2a000 	/usr/lib/libcrypto.0.9.8.dylib
0x0000000004a2a000 	/System/Library/PrivateFrameworks/TrustEvaluationAgent.framework/Versions/A/TrustEvaluationAgent
0x0000000004a2a000 	/System/Library/Extensions/GeForceMTLDriver.bundle/Contents/MacOS/GeForceMTLDriver
0x000000012a6da000 	/System/Library/Extensions/AppleIntelHD5000GraphicsMTLDriver.bundle/Contents/MacOS/AppleIntelHD5000GraphicsMTLDriver
0x0000000004a2a000 	/System/Library/PrivateFrameworks/FamilyControls.framework/Versions/A/FamilyControls
0x0000000004a2a000 	/System/Library/PrivateFrameworks/CommerceKit.framework/Versions/A/Frameworks/CommerceCore.framework/Versions/A/CommerceCore
0x0000000004a2a000 	/System/Library/PrivateFrameworks/SystemAdministration.framework/Versions/A/SystemAdministration
0x0000000004a2a000 	/System/Library/PrivateFrameworks/AppContainer.framework/Versions/A/AppContainer
0x0000000004a2a000 	/System/Library/PrivateFrameworks/SecCodeWrapper.framework/Versions/A/SecCodeWrapper
0x0000000004a2a000 	/System/Library/Frameworks/DirectoryService.framework/Versions/A/DirectoryService
0x0000000004a2a000 	/System/Library/PrivateFrameworks/DiskImages.framework/Versions/A/DiskImages
0x0000000004a2a000 	/System/Library/PrivateFrameworks/LoginUIKit.framework/Versions/A/Frameworks/LoginUICore.framework/Versions/A/LoginUICore
0x0000000004a2a000 	/usr/lib/libCoreStorage.dylib
0x0000000004a2a000 	/usr/lib/libcsfde.dylib
0x0000000004a2a000 	/usr/lib/libodfde.dylib
0x0000000004a2a000 	/System/Library/Frameworks/DiscRecording.framework/Versions/A/DiscRecording
0x0000000004a2a000 	/usr/lib/libcurl.4.dylib
0x0000000004a2a000 	/System/Library/PrivateFrameworks/MediaKit.framework/Versions/A/MediaKit
0x0000000004a2a000 	/System/Library/PrivateFrameworks/ProtectedCloudStorage.framework/Versions/A/ProtectedCloudStorage
0x0000000004a2a000 	/System/Library/PrivateFrameworks/EFILogin.framework/Versions/A/EFILogin
0x0000000004a2a000 	/usr/lib/libutil.dylib
0x0000000004a2a000 	/System/Library/Frameworks/LDAP.framework/Versions/A/LDAP
0x0000000004a2a000 	/usr/lib/libsasl2.2.dylib
0x0000000004a2a000 	/System/Library/PrivateFrameworks/CoreDaemon.framework/Versions/B/CoreDaemon
0x0000000004a2a000 	/System/Library/PrivateFrameworks/AppleSRP.framework/Versions/A/AppleSRP
0x0000000004a2a000 	/System/Library/PrivateFrameworks/APFS.framework/Versions/A/APFS
0x000000012baf9000 	/Library/Java/JavaVirtualMachines/jdk1.8.0_40.jdk/Contents/Home/jre/lib/libfontmanager.dylib
0x000000012bb60000 	/Users/Chris/git/JIG-readonly/lib/lwjgl-2.9.0/native/macosx/liblwjgl.jnilib
0x0000000129027000 	/Library/Java/JavaVirtualMachines/jdk1.8.0_40.jdk/Contents/Home/jre/lib/libjawt.dylib
0x0000000004a2a000 	/System/Library/PrivateFrameworks/ViewBridge.framework/Versions/A/ViewBridge
0x0000000004a2a000 	/System/Library/PrivateFrameworks/XPCService.framework/Versions/A/XPCService
0x0000000004a2a000 	/System/Library/PrivateFrameworks/AppSandbox.framework/Versions/A/AppSandbox
0x0000000004a2a000 	/usr/lib/libsandbox.1.dylib
0x0000000004a2a000 	/usr/lib/libMatch.1.dylib
0x000000012e83b000 	/Users/Chris/git/JIG-readonly/lib/lwjgl-2.9.0/native/macosx/libjinput-osx.jnilib
0x000000012e840000 	/System/Library/Extensions/IOHIDFamily.kext/Contents/PlugIns/IOHIDLib.plugin/Contents/MacOS/IOHIDLib
0x0000000138950000 	/Library/Java/JavaVirtualMachines/jdk1.8.0_40.jdk/Contents/Home/jre/lib/libnio.dylib
0x0000000138960000 	/Library/Java/JavaVirtualMachines/jdk1.8.0_40.jdk/Contents/Home/jre/lib/./libnet.dylib

VM Arguments:
jvm_args: -Djava.library.path=/Users/Chris/git/JIG-readonly/lib/lwjgl-2.9.0/native/macosx:/Users/Chris/git/JIG-readonly/lib/lwjgl-2.9.0/native/macosx -Dfile.encoding=UTF-8 
java_command: Fortify.Game
java_class_path (initial): /Users/Chris/git/fortify/Fortify/bin:/Users/Chris/git/JIG-readonly/jig/bin:/Users/Chris/git/JIG-readonly/lib/slick.jar:/Users/Chris/git/JIG-readonly/lib/lwjgl-2.9.0/jar/jinput.jar:/Users/Chris/git/JIG-readonly/lib/lwjgl-2.9.0/jar/lwjgl.jar:/Users/Chris/git/JIG-readonly/lib/jogg-0.0.7.jar:/Users/Chris/git/JIG-readonly/lib/jorbis-0.0.15.jar
Launcher Type: SUN_STANDARD

Environment Variables:
PATH=/usr/bin:/bin:/usr/sbin:/sbin
SHELL=/bin/bash
DISPLAY=/private/tmp/com.apple.launchd.cfadDHm16h/org.macosforge.xquartz:0

Signal Handlers:
SIGSEGV: [libjvm.dylib+0x58ef95], sa_mask[0]=11111111011111110111111111111111, sa_flags=SA_ONSTACK|SA_RESTART|SA_SIGINFO
SIGBUS: [libjvm.dylib+0x58ef95], sa_mask[0]=11111111011111110111111111111111, sa_flags=SA_RESTART|SA_SIGINFO
SIGFPE: [libjvm.dylib+0x46c118], sa_mask[0]=11111111011111110111111111111111, sa_flags=SA_RESTART|SA_SIGINFO
SIGPIPE: [libjvm.dylib+0x46c118], sa_mask[0]=11111111011111110111111111111111, sa_flags=SA_RESTART|SA_SIGINFO
SIGXFSZ: [libjvm.dylib+0x46c118], sa_mask[0]=11111111011111110111111111111111, sa_flags=SA_RESTART|SA_SIGINFO
SIGILL: [libjvm.dylib+0x46c118], sa_mask[0]=11111111011111110111111111111111, sa_flags=SA_RESTART|SA_SIGINFO
SIGUSR1: SIG_DFL, sa_mask[0]=00000000000000000000000000000000, sa_flags=none
SIGUSR2: [libjvm.dylib+0x46bc36], sa_mask[0]=00100000000000000000000000000000, sa_flags=SA_RESTART|SA_SIGINFO
SIGHUP: [libjvm.dylib+0x46a209], sa_mask[0]=11111111011111110111111111111111, sa_flags=SA_RESTART|SA_SIGINFO
SIGINT: [libjvm.dylib+0x46a209], sa_mask[0]=11111111011111110111111111111111, sa_flags=SA_RESTART|SA_SIGINFO
SIGTERM: [libjvm.dylib+0x46a209], sa_mask[0]=11111111011111110111111111111111, sa_flags=SA_RESTART|SA_SIGINFO
SIGQUIT: [libjvm.dylib+0x46a209], sa_mask[0]=11111111011111110111111111111111, sa_flags=SA_RESTART|SA_SIGINFO


---------------  S Y S T E M  ---------------

OS:Bsduname:Darwin 16.1.0 Darwin Kernel Version 16.1.0: Mon Oct  3 14:03:15 PDT 2016; root:xnu-3789.21.3~20/RELEASE_X86_64 x86_64
rlimit: STACK 8192k, CORE 0k, NPROC 709, NOFILE 10240, AS infinity
load average:1.92 1.97 1.89

CPU:total 8 (4 cores per cpu, 2 threads per core) family 6 model 70 stepping 1, cmov, cx8, fxsr, mmx, sse, sse2, sse3, ssse3, sse4.1, sse4.2, popcnt, avx, avx2, aes, clmul, erms, rtm, lzcnt, ht, tsc, tscinvbit, bmi1, bmi2

Memory: 4k page, physical 16777216k(1854196k free)

/proc/meminfo:


vm_info: Java HotSpot(TM) 64-Bit Server VM (25.40-b25) for bsd-amd64 JRE (1.8.0_40-b25), built on Feb 10 2015 21:07:25 by "java_re" with gcc 4.2.1 (Based on Apple Inc. build 5658) (LLVM build 2336.11.00)

time: Sat Nov  5 14:49:19 2016
elapsed time: 6 seconds (0d 0h 0m 6s)

